# Logfile created on 2018-07-17 09:15:30 -0400 by logger.rb/61378
2018-07-17 09:15:31 DEBUG Selenium Executing Process ["/Users/mccarrmb/.rvm/gems/ruby-2.5.0/bin/geckodriver", "--binary=/Applications/Firefox.app/Contents/MacOS/firefox-bin", "--port=4444"]
2018-07-17 09:15:31 DEBUG Selenium polling for socket on ["127.0.0.1", 4444]
2018-07-17 09:15:31 DEBUG Selenium polling for socket on ["127.0.0.1", 4444]
/Users/mccarrmb/.rvm/rubies/ruby-2.5.0/lib/ruby/2.5.0/fileutils.rb:90: warning: already initialized constant FileUtils::VERSION
/Users/mccarrmb/.rvm/gems/ruby-2.5.0/gems/fileutils-1.1.0/lib/fileutils.rb:92: warning: previous definition of VERSION was here
/Users/mccarrmb/.rvm/rubies/ruby-2.5.0/lib/ruby/2.5.0/fileutils.rb:1188: warning: already initialized constant FileUtils::Entry_::S_IF_DOOR
/Users/mccarrmb/.rvm/gems/ruby-2.5.0/gems/fileutils-1.1.0/lib/fileutils.rb:1267: warning: previous definition of S_IF_DOOR was here
/Users/mccarrmb/.rvm/rubies/ruby-2.5.0/lib/ruby/2.5.0/fileutils.rb:1446: warning: already initialized constant FileUtils::Entry_::DIRECTORY_TERM
/Users/mccarrmb/.rvm/gems/ruby-2.5.0/gems/fileutils-1.1.0/lib/fileutils.rb:1541: warning: previous definition of DIRECTORY_TERM was here
/Users/mccarrmb/.rvm/rubies/ruby-2.5.0/lib/ruby/2.5.0/fileutils.rb:1448: warning: already initialized constant FileUtils::Entry_::SYSCASE
/Users/mccarrmb/.rvm/gems/ruby-2.5.0/gems/fileutils-1.1.0/lib/fileutils.rb:1543: warning: previous definition of SYSCASE was here
/Users/mccarrmb/.rvm/rubies/ruby-2.5.0/lib/ruby/2.5.0/fileutils.rb:1501: warning: already initialized constant FileUtils::OPT_TABLE
/Users/mccarrmb/.rvm/gems/ruby-2.5.0/gems/fileutils-1.1.0/lib/fileutils.rb:1596: warning: previous definition of OPT_TABLE was here
/Users/mccarrmb/.rvm/rubies/ruby-2.5.0/lib/ruby/2.5.0/fileutils.rb:1555: warning: already initialized constant FileUtils::LOW_METHODS
/Users/mccarrmb/.rvm/gems/ruby-2.5.0/gems/fileutils-1.1.0/lib/fileutils.rb:1650: warning: previous definition of LOW_METHODS was here
/Users/mccarrmb/.rvm/rubies/ruby-2.5.0/lib/ruby/2.5.0/fileutils.rb:1562: warning: already initialized constant FileUtils::METHODS
/Users/mccarrmb/.rvm/gems/ruby-2.5.0/gems/fileutils-1.1.0/lib/fileutils.rb:1657: warning: previous definition of METHODS was here
2018-07-17 09:15:31 DEBUG Selenium polling for socket on ["127.0.0.1", 4444]
2018-07-17 09:15:31 DEBUG Selenium polling for socket on ["127.0.0.1", 4444]
2018-07-17 09:15:32 DEBUG Selenium polling for socket on ["127.0.0.1", 4444]
2018-07-17 09:15:32 DEBUG Selenium polling for socket on ["127.0.0.1", 4444]
2018-07-17 09:15:32 DEBUG Selenium polling for socket on ["127.0.0.1", 4444]
2018-07-17 09:15:32 DEBUG Selenium polling for socket on ["127.0.0.1", 4444]
2018-07-17 09:15:33 DEBUG Selenium polling for socket on ["127.0.0.1", 4444]
1531833333223	geckodriver	INFO	geckodriver 0.21.0
1531833333230	geckodriver	INFO	Listening on 127.0.0.1:4444
2018-07-17 09:15:33 INFO Selenium Skipping handshake as we know it is W3C.
2018-07-17 09:15:33 INFO Selenium -> POST session
2018-07-17 09:15:33 INFO Selenium    >>> http://127.0.0.1:4444/session | {"desiredCapabilities":{"browserName":"firefox","marionette":true,"timeouts":{},"moz:firefoxOptions":{}},"capabilities":{"firstMatch":[{"browserName":"firefox","timeouts":{},"moz:firefoxOptions":{}}]}}
2018-07-17 09:15:33 DEBUG Selenium      > {"Accept"=>"application/json", "Content-Type"=>"application/json; charset=UTF-8", "User-Agent"=>"selenium/3.13.0 (ruby macosx)", "Content-Length"=>"201"}
1531833333428	mozrunner::runner	INFO	Running command: "/Applications/Firefox.app/Contents/MacOS/firefox-bin" "-marionette" "-foreground" "-no-remote" "-profile" "/var/folders/5k/zjww1yf9017djkbsprjmsgp00000gn/T/rust_mozprofile.ArqsygNnk0Fk"
2018-07-17 09:15:34 INFO Selenium <- {"value":{"error":"unknown error","message":"Process unexpectedly closed with status 0","stacktrace":""}}
2018-07-17 09:15:44.272 plugin-container[84121:5153491] *** CFMessagePort: bootstrap_register(): failed 1100 (0x44c) 'Permission denied', port = 0x743f, name = 'com.apple.tsm.portname'
See /usr/include/servers/bootstrap_defs.h for the error codes.
2018-07-17 09:15:44.954 plugin-container[84122:5153520] *** CFMessagePort: bootstrap_register(): failed 1100 (0x44c) 'Permission denied', port = 0x7343, name = 'com.apple.tsm.portname'
See /usr/include/servers/bootstrap_defs.h for the error codes.
1531833346005	Marionette	INFO	Listening on port 59197
2018-07-17 09:15:47.080 plugin-container[84124:5153676] *** CFMessagePort: bootstrap_register(): failed 1100 (0x44c) 'Permission denied', port = 0x853f, name = 'com.apple.tsm.portname'
See /usr/include/servers/bootstrap_defs.h for the error codes.
*** UTM:SVC TimerManager:registerTimer called after profile-before-change notification. Ignoring timer registration for id: telemetry_modules_ping
2018-07-17 09:16:05 DEBUG Selenium Executing Process ["/Users/mccarrmb/.rvm/gems/ruby-2.5.0/bin/geckodriver", "--binary=/Applications/Firefox.app/Contents/MacOS/firefox-bin", "--port=4444"]
2018-07-17 09:16:05 DEBUG Selenium polling for socket on ["127.0.0.1", 4444]
2018-07-17 09:16:05 DEBUG Selenium polling for socket on ["127.0.0.1", 4444]
/Users/mccarrmb/.rvm/rubies/ruby-2.5.0/lib/ruby/2.5.0/fileutils.rb:90: warning: already initialized constant FileUtils::VERSION
/Users/mccarrmb/.rvm/gems/ruby-2.5.0/gems/fileutils-1.1.0/lib/fileutils.rb:92: warning: previous definition of VERSION was here
/Users/mccarrmb/.rvm/rubies/ruby-2.5.0/lib/ruby/2.5.0/fileutils.rb:1188: warning: already initialized constant FileUtils::Entry_::S_IF_DOOR
/Users/mccarrmb/.rvm/gems/ruby-2.5.0/gems/fileutils-1.1.0/lib/fileutils.rb:1267: warning: previous definition of S_IF_DOOR was here
/Users/mccarrmb/.rvm/rubies/ruby-2.5.0/lib/ruby/2.5.0/fileutils.rb:1446: warning: already initialized constant FileUtils::Entry_::DIRECTORY_TERM
/Users/mccarrmb/.rvm/gems/ruby-2.5.0/gems/fileutils-1.1.0/lib/fileutils.rb:1541: warning: previous definition of DIRECTORY_TERM was here
/Users/mccarrmb/.rvm/rubies/ruby-2.5.0/lib/ruby/2.5.0/fileutils.rb:1448: warning: already initialized constant FileUtils::Entry_::SYSCASE
/Users/mccarrmb/.rvm/gems/ruby-2.5.0/gems/fileutils-1.1.0/lib/fileutils.rb:1543: warning: previous definition of SYSCASE was here
/Users/mccarrmb/.rvm/rubies/ruby-2.5.0/lib/ruby/2.5.0/fileutils.rb:1501: warning: already initialized constant FileUtils::OPT_TABLE
/Users/mccarrmb/.rvm/gems/ruby-2.5.0/gems/fileutils-1.1.0/lib/fileutils.rb:1596: warning: previous definition of OPT_TABLE was here
/Users/mccarrmb/.rvm/rubies/ruby-2.5.0/lib/ruby/2.5.0/fileutils.rb:1555: warning: already initialized constant FileUtils::LOW_METHODS
/Users/mccarrmb/.rvm/gems/ruby-2.5.0/gems/fileutils-1.1.0/lib/fileutils.rb:1650: warning: previous definition of LOW_METHODS was here
/Users/mccarrmb/.rvm/rubies/ruby-2.5.0/lib/ruby/2.5.0/fileutils.rb:1562: warning: already initialized constant FileUtils::METHODS
/Users/mccarrmb/.rvm/gems/ruby-2.5.0/gems/fileutils-1.1.0/lib/fileutils.rb:1657: warning: previous definition of METHODS was here
1531833366109	geckodriver	INFO	geckodriver 0.21.0
2018-07-17 09:16:06 DEBUG Selenium polling for socket on ["127.0.0.1", 4444]
1531833366131	geckodriver	INFO	Listening on 127.0.0.1:4444
2018-07-17 09:16:06 INFO Selenium Skipping handshake as we know it is W3C.
2018-07-17 09:16:06 INFO Selenium -> POST session
2018-07-17 09:16:06 INFO Selenium    >>> http://127.0.0.1:4444/session | {"desiredCapabilities":{"browserName":"firefox","marionette":true,"timeouts":{},"moz:firefoxOptions":{}},"capabilities":{"firstMatch":[{"browserName":"firefox","timeouts":{},"moz:firefoxOptions":{}}]}}
2018-07-17 09:16:06 DEBUG Selenium      > {"Accept"=>"application/json", "Content-Type"=>"application/json; charset=UTF-8", "User-Agent"=>"selenium/3.13.0 (ruby macosx)", "Content-Length"=>"201"}
1531833366400	mozrunner::runner	INFO	Running command: "/Applications/Firefox.app/Contents/MacOS/firefox-bin" "-marionette" "-foreground" "-no-remote" "-profile" "/var/folders/5k/zjww1yf9017djkbsprjmsgp00000gn/T/rust_mozprofile.upfiJWJn9C9s"
2018-07-17 09:16:08.984 plugin-container[84136:5154428] *** CFMessagePort: bootstrap_register(): failed 1100 (0x44c) 'Permission denied', port = 0x853f, name = 'com.apple.tsm.portname'
See /usr/include/servers/bootstrap_defs.h for the error codes.
2018-07-17 09:16:09.556 plugin-container[84137:5154452] *** CFMessagePort: bootstrap_register(): failed 1100 (0x44c) 'Permission denied', port = 0x8447, name = 'com.apple.tsm.portname'
See /usr/include/servers/bootstrap_defs.h for the error codes.
1531833370000	Marionette	INFO	Listening on port 59342
2018-07-17 09:16:10.141 plugin-container[84138:5154522] *** CFMessagePort: bootstrap_register(): failed 1100 (0x44c) 'Permission denied', port = 0x893f, name = 'com.apple.tsm.portname'
See /usr/include/servers/bootstrap_defs.h for the error codes.
2018-07-17 09:16:10 INFO Selenium <- {"value": {"sessionId":"ffbfc816-2915-bc46-a7b6-962df691e469","capabilities":{"acceptInsecureCerts":false,"browserName":"firefox","browserVersion":"61.0.1","moz:accessibilityChecks":false,"moz:headless":false,"moz:processID":84135,"moz:profile":"/var/folders/5k/zjww1yf9017djkbsprjmsgp00000gn/T/rust_mozprofile.upfiJWJn9C9s","moz:useNonSpecCompliantPointerOrigin":false,"moz:webdriverClick":true,"pageLoadStrategy":"normal","platformName":"darwin","platformVersion":"17.6.0","rotatable":false,"timeouts":{"implicit":0,"pageLoad":300000,"script":30000}}}}
2018-07-17 09:16:10 INFO Selenium Detected W3C dialect.
2018-07-17 09:16:10 INFO Selenium -> POST session/ffbfc816-2915-bc46-a7b6-962df691e469/url
2018-07-17 09:16:10 INFO Selenium    >>> http://127.0.0.1:4444/session/ffbfc816-2915-bc46-a7b6-962df691e469/url | {"url":"https://www.google.com"}
2018-07-17 09:16:10 DEBUG Selenium      > {"Accept"=>"application/json", "Content-Type"=>"application/json; charset=UTF-8", "User-Agent"=>"selenium/3.13.0 (ruby macosx)", "Content-Length"=>"32"}
2018-07-17 09:16:14 INFO Selenium <- {"value": null}
2018-07-17 09:16:14 INFO Selenium -> POST session/ffbfc816-2915-bc46-a7b6-962df691e469/element
2018-07-17 09:16:14 INFO Selenium    >>> http://127.0.0.1:4444/session/ffbfc816-2915-bc46-a7b6-962df691e469/element | {"using":"xpath","value":".//input[(not(@type) or (translate(@type,'ABCDEFGHIJKLMNOPQRSTUVWXYZ','abcdefghijklmnopqrstuvwxyz')!=\"file\" and translate(@type,'ABCDEFGHIJKLMNOPQRSTUVWXYZ','abcdefghijklmnopqrstuvwxyz')!=\"radio\" and translate(@type,'ABCDEFGHIJKLMNOPQRSTUVWXYZ','abcdefghijklmnopqrstuvwxyz')!=\"checkbox\" and translate(@type,'ABCDEFGHIJKLMNOPQRSTUVWXYZ','abcdefghijklmnopqrstuvwxyz')!=\"submit\" and translate(@type,'ABCDEFGHIJKLMNOPQRSTUVWXYZ','abcdefghijklmnopqrstuvwxyz')!=\"reset\" and translate(@type,'ABCDEFGHIJKLMNOPQRSTUVWXYZ','abcdefghijklmnopqrstuvwxyz')!=\"image\" and translate(@type,'ABCDEFGHIJKLMNOPQRSTUVWXYZ','abcdefghijklmnopqrstuvwxyz')!=\"button\" and translate(@type,'ABCDEFGHIJKLMNOPQRSTUVWXYZ','abcdefghijklmnopqrstuvwxyz')!=\"hidden\" and translate(@type,'ABCDEFGHIJKLMNOPQRSTUVWXYZ','abcdefghijklmnopqrstuvwxyz')!=\"range\" and translate(@type,'ABCDEFGHIJKLMNOPQRSTUVWXYZ','abcdefghijklmnopqrstuvwxyz')!=\"color\" and translate(@type,'ABCDEFGHIJKLMNOPQRSTUVWXYZ','abcdefghijklmnopqrstuvwxyz')!=\"date\" and translate(@type,'ABCDEFGHIJKLMNOPQRSTUVWXYZ','abcdefghijklmnopqrstuvwxyz')!=\"datetime-local\")) and @name='q']"}
2018-07-17 09:16:14 DEBUG Selenium      > {"Accept"=>"application/json", "Content-Type"=>"application/json; charset=UTF-8", "User-Agent"=>"selenium/3.13.0 (ruby macosx)", "Content-Length"=>"1158"}
2018-07-17 09:16:14 INFO Selenium <- {"value":{"element-6066-11e4-a52e-4f735466cecf":"46142f92-4d11-1b42-98da-0509a3601b44"}}
2018-07-17 09:16:14 INFO Selenium -> GET session/ffbfc816-2915-bc46-a7b6-962df691e469/element/46142f92-4d11-1b42-98da-0509a3601b44/enabled
2018-07-17 09:16:14 INFO Selenium <- {"value":true}
2018-07-17 09:16:14 INFO Selenium -> GET session/ffbfc816-2915-bc46-a7b6-962df691e469/element/46142f92-4d11-1b42-98da-0509a3601b44/enabled
2018-07-17 09:16:14 INFO Selenium <- {"value":true}
2018-07-17 09:16:14 INFO Selenium -> POST session/ffbfc816-2915-bc46-a7b6-962df691e469/execute/sync
2018-07-17 09:16:14 INFO Selenium    >>> http://127.0.0.1:4444/session/ffbfc816-2915-bc46-a7b6-962df691e469/execute/sync | {"script":"return (function(){return function(){var d=this;function f(a){return\"string\"==typeof a};function h(a,b){this.code=a;this.a=l[a]||m;this.message=b||\"\";a=this.a.replace(/((?:^|\\s+)[a-z])/g,function(a){return a.toUpperCase().replace(/^[\\s\\xa0]+/g,\"\")});b=a.length-5;if(0>b||a.indexOf(\"Error\",b)!=b)a+=\"Error\";this.name=a;a=Error(this.message);a.name=this.name;this.stack=a.stack||\"\"}\n(function(){var a=Error;function b(){}b.prototype=a.prototype;h.b=a.prototype;h.prototype=new b;h.prototype.constructor=h;h.a=function(b,c,g){for(var e=Array(arguments.length-2),k=2;k<arguments.length;k++)e[k-2]=arguments[k];return a.prototype[c].apply(b,e)}})();var m=\"unknown error\",l={15:\"element not selectable\",11:\"element not visible\"};l[31]=m;l[30]=m;l[24]=\"invalid cookie domain\";l[29]=\"invalid element coordinates\";l[12]=\"invalid element state\";l[32]=\"invalid selector\";l[51]=\"invalid selector\";\nl[52]=\"invalid selector\";l[17]=\"javascript error\";l[405]=\"unsupported operation\";l[34]=\"move target out of bounds\";l[27]=\"no such alert\";l[7]=\"no such element\";l[8]=\"no such frame\";l[23]=\"no such window\";l[28]=\"script timeout\";l[33]=\"session not created\";l[10]=\"stale element reference\";l[21]=\"timeout\";l[25]=\"unable to set cookie\";l[26]=\"unexpected alert open\";l[13]=m;l[9]=\"unknown command\";h.prototype.toString=function(){return this.name+\": \"+this.message};var n;a:{var p=d.navigator;if(p){var q=p.userAgent;if(q){n=q;break a}}n=\"\"}function r(a){return-1!=n.indexOf(a)};function t(a,b){for(var e=a.length,c=f(a)?a.split(\"\"):a,g=0;g<e;g++)g in c&&b.call(void 0,c[g],g,a)};function v(){return r(\"iPhone\")&&!r(\"iPod\")&&!r(\"iPad\")};function w(){return(r(\"Chrome\")||r(\"CriOS\"))&&!r(\"Edge\")};var x=r(\"Opera\"),y=r(\"Trident\")||r(\"MSIE\"),z=r(\"Edge\"),A=r(\"Gecko\")&&!(-1!=n.toLowerCase().indexOf(\"webkit\")&&!r(\"Edge\"))&&!(r(\"Trident\")||r(\"MSIE\"))&&!r(\"Edge\"),aa=-1!=n.toLowerCase().indexOf(\"webkit\")&&!r(\"Edge\");function B(){var a=d.document;return a?a.documentMode:void 0}var C;\na:{var D=\"\",E=function(){var a=n;if(A)return/rv\\:([^\\);]+)(\\)|;)/.exec(a);if(z)return/Edge\\/([\\d\\.]+)/.exec(a);if(y)return/\\b(?:MSIE|rv)[: ]([^\\);]+)(\\)|;)/.exec(a);if(aa)return/WebKit\\/(\\S+)/.exec(a);if(x)return/(?:Version)[ \\/]?(\\S+)/.exec(a)}();E&&(D=E?E[1]:\"\");if(y){var F=B();if(null!=F&&F>parseFloat(D)){C=String(F);break a}}C=D}var G;var H=d.document;G=H&&y?B()||(\"CSS1Compat\"==H.compatMode?parseInt(C,10):5):void 0;var ba=r(\"Firefox\"),ca=v()||r(\"iPod\"),da=r(\"iPad\"),I=r(\"Android\")&&!(w()||r(\"Firefox\")||r(\"Opera\")||r(\"Silk\")),ea=w(),J=r(\"Safari\")&&!(w()||r(\"Coast\")||r(\"Opera\")||r(\"Edge\")||r(\"Silk\")||r(\"Android\"))&&!(v()||r(\"iPad\")||r(\"iPod\"));function K(a){return(a=a.exec(n))?a[1]:\"\"}(function(){if(ba)return K(/Firefox\\/([0-9.]+)/);if(y||z||x)return C;if(ea)return v()||r(\"iPad\")||r(\"iPod\")?K(/CriOS\\/([0-9.]+)/):K(/Chrome\\/([0-9.]+)/);if(J&&!(v()||r(\"iPad\")||r(\"iPod\")))return K(/Version\\/([0-9.]+)/);if(ca||da){var a=/Version\\/(\\S+).*Mobile\\/(\\S+)/.exec(n);if(a)return a[1]+\".\"+a[2]}else if(I)return(a=K(/Android\\s+([0-9.]+)/))?a:K(/Version\\/([0-9.]+)/);return\"\"})();var L,M=function(){if(!A)return!1;var a=d.Components;if(!a)return!1;try{if(!a.classes)return!1}catch(g){return!1}var b=a.classes,a=a.interfaces,e=b[\"@mozilla.org/xpcom/version-comparator;1\"].getService(a.nsIVersionComparator),c=b[\"@mozilla.org/xre/app-info;1\"].getService(a.nsIXULAppInfo).version;L=function(a){e.compare(c,\"\"+a)};return!0}(),N=y&&!(8<=Number(G)),fa=y&&!(9<=Number(G));I&&M&&L(2.3);I&&M&&L(4);J&&M&&L(6);var ga={SCRIPT:1,STYLE:1,HEAD:1,IFRAME:1,OBJECT:1},O={IMG:\" \",BR:\"\\n\"};function P(a,b,e){if(!(a.nodeName in ga))if(3==a.nodeType)e?b.push(String(a.nodeValue).replace(/(\\r\\n|\\r|\\n)/g,\"\")):b.push(a.nodeValue);else if(a.nodeName in O)b.push(O[a.nodeName]);else for(a=a.firstChild;a;)P(a,b,e),a=a.nextSibling};function Q(a,b){b=b.toLowerCase();return\"style\"==b?ha(a.style.cssText):N&&\"value\"==b&&R(a,\"INPUT\")?a.value:fa&&!0===a[b]?String(a.getAttribute(b)):(a=a.getAttributeNode(b))&&a.specified?a.value:null}var ia=/[;]+(?=(?:(?:[^\"]*\"){2})*[^\"]*$)(?=(?:(?:[^']*'){2})*[^']*$)(?=(?:[^()]*\\([^()]*\\))*[^()]*$)/;\nfunction ha(a){var b=[];t(a.split(ia),function(a){var c=a.indexOf(\":\");0<c&&(a=[a.slice(0,c),a.slice(c+1)],2==a.length&&b.push(a[0].toLowerCase(),\":\",a[1],\";\"))});b=b.join(\"\");return b=\";\"==b.charAt(b.length-1)?b:b+\";\"}function S(a,b){N&&\"value\"==b&&R(a,\"OPTION\")&&null===Q(a,\"value\")?(b=[],P(a,b,!1),a=b.join(\"\")):a=a[b];return a}function R(a,b){b&&\"string\"!==typeof b&&(b=b.toString());return!!a&&1==a.nodeType&&(!b||a.tagName.toUpperCase()==b)}\nfunction T(a){return R(a,\"OPTION\")?!0:R(a,\"INPUT\")?(a=a.type.toLowerCase(),\"checkbox\"==a||\"radio\"==a):!1};var ja={\"class\":\"className\",readonly:\"readOnly\"},U=\"async autofocus autoplay checked compact complete controls declare defaultchecked defaultselected defer disabled draggable ended formnovalidate hidden indeterminate iscontenteditable ismap itemscope loop multiple muted nohref noresize noshade novalidate nowrap open paused pubdate readonly required reversed scoped seamless seeking selected spellcheck truespeed willvalidate\".split(\" \");function V(a,b){var e=null,c=b.toLowerCase();if(\"style\"==c)return(e=a.style)&&!f(e)&&(e=e.cssText),e;if((\"selected\"==c||\"checked\"==c)&&T(a)){if(!T(a))throw new h(15,\"Element is not selectable\");b=\"selected\";e=a.type&&a.type.toLowerCase();if(\"checkbox\"==e||\"radio\"==e)b=\"checked\";return S(a,b)?\"true\":null}var g=R(a,\"A\");if(R(a,\"IMG\")&&\"src\"==c||g&&\"href\"==c)return(e=Q(a,c))&&(e=S(a,c)),e;if(\"spellcheck\"==c){e=Q(a,c);if(null!==e){if(\"false\"==e.toLowerCase())return\"false\";if(\"true\"==e.toLowerCase())return\"true\"}return S(a,\nc)+\"\"}g=ja[b]||b;a:if(f(U))c=f(c)&&1==c.length?U.indexOf(c,0):-1;else{for(var u=0;u<U.length;u++)if(u in U&&U[u]===c){c=u;break a}c=-1}if(0<=c)return(e=null!==Q(a,b)||S(a,g))?\"true\":null;try{var k=S(a,g)}catch(ka){}(c=null==k)||(c=typeof k,c=\"object\"==c&&null!=k||\"function\"==c);c?e=Q(a,b):e=k;return null!=e?e.toString():null}var W=[\"_\"],X=d;W[0]in X||!X.execScript||X.execScript(\"var \"+W[0]);\nfor(var Y;W.length&&(Y=W.shift());){var Z;if(Z=!W.length)Z=void 0!==V;Z?X[Y]=V:X[Y]&&X[Y]!==Object.prototype[Y]?X=X[Y]:X=X[Y]={}};; return this._.apply(null,arguments);}.apply({navigator:typeof window!='undefined'?window.navigator:null,document:typeof window!='undefined'?window.document:null}, arguments);}\n).apply(null, arguments)","args":[{"element-6066-11e4-a52e-4f735466cecf":"46142f92-4d11-1b42-98da-0509a3601b44"},"readOnly"]}
2018-07-17 09:16:14 DEBUG Selenium      > {"Accept"=>"application/json", "Content-Type"=>"application/json; charset=UTF-8", "User-Agent"=>"selenium/3.13.0 (ruby macosx)", "Content-Length"=>"6725"}
2018-07-17 09:16:14 INFO Selenium <- {"value":null}
2018-07-17 09:16:14 INFO Selenium -> POST session/ffbfc816-2915-bc46-a7b6-962df691e469/element/46142f92-4d11-1b42-98da-0509a3601b44/clear
2018-07-17 09:16:14 INFO Selenium <- {"value": null}
2018-07-17 09:16:14 INFO Selenium -> POST session/ffbfc816-2915-bc46-a7b6-962df691e469/element/46142f92-4d11-1b42-98da-0509a3601b44/value
2018-07-17 09:16:14 INFO Selenium    >>> http://127.0.0.1:4444/session/ffbfc816-2915-bc46-a7b6-962df691e469/element/46142f92-4d11-1b42-98da-0509a3601b44/value | {"value":[],"text":""}
2018-07-17 09:16:14 DEBUG Selenium      > {"Accept"=>"application/json", "Content-Type"=>"application/json; charset=UTF-8", "User-Agent"=>"selenium/3.13.0 (ruby macosx)", "Content-Length"=>"22"}
2018-07-17 09:16:14 INFO Selenium <- {"value": null}
2018-07-17 09:16:14 INFO Selenium -> POST session/ffbfc816-2915-bc46-a7b6-962df691e469/element
2018-07-17 09:16:14 INFO Selenium    >>> http://127.0.0.1:4444/session/ffbfc816-2915-bc46-a7b6-962df691e469/element | {"using":"xpath","value":".//button[(text()='Google Search' or @value='Google Search')] | .//input[@value='Google Search' and (translate(@type,'ABCDEFGHIJKLMNOPQRSTUVWXYZ','abcdefghijklmnopqrstuvwxyz')='button' or translate(@type,'ABCDEFGHIJKLMNOPQRSTUVWXYZ','abcdefghijklmnopqrstuvwxyz')='reset' or translate(@type,'ABCDEFGHIJKLMNOPQRSTUVWXYZ','abcdefghijklmnopqrstuvwxyz')='submit' or translate(@type,'ABCDEFGHIJKLMNOPQRSTUVWXYZ','abcdefghijklmnopqrstuvwxyz')='image')]"}
2018-07-17 09:16:14 DEBUG Selenium      > {"Accept"=>"application/json", "Content-Type"=>"application/json; charset=UTF-8", "User-Agent"=>"selenium/3.13.0 (ruby macosx)", "Content-Length"=>"473"}
2018-07-17 09:16:14 INFO Selenium <- {"value":{"element-6066-11e4-a52e-4f735466cecf":"bf8e156f-8a12-954f-8cc0-bf7863fc7d5a"}}
2018-07-17 09:16:14 INFO Selenium -> GET session/ffbfc816-2915-bc46-a7b6-962df691e469/element/bf8e156f-8a12-954f-8cc0-bf7863fc7d5a/enabled
2018-07-17 09:16:14 INFO Selenium <- {"value":true}
2018-07-17 09:16:14 INFO Selenium -> POST session/ffbfc816-2915-bc46-a7b6-962df691e469/element/bf8e156f-8a12-954f-8cc0-bf7863fc7d5a/click
2018-07-17 09:16:14 INFO Selenium <- {"value": null}
2018-07-17 09:16:14 INFO Selenium -> DELETE session/ffbfc816-2915-bc46-a7b6-962df691e469
*** UTM:SVC TimerManager:registerTimer called after profile-before-change notification. Ignoring timer registration for id: telemetry_modules_ping
2018-07-17 09:16:15 INFO Selenium <- {"value": null}
2018-07-18 09:19:13 DEBUG Selenium Executing Process ["/Users/mccarrmb/Documents/Code/mccarrmb@github.com/google-automator/bin/firefox/geckodriver-v0.20.1-macos/geckodriver", "--binary=/Applications/Firefox.app/Contents/MacOS/firefox-bin", "--port=4444"]
2018-07-18 09:19:13 DEBUG Selenium polling for socket on ["127.0.0.1", 4444]
1531919953186	geckodriver	INFO	geckodriver 0.20.1
1531919953208	geckodriver	INFO	Listening on 127.0.0.1:4444
2018-07-18 09:19:13 INFO Selenium Skipping handshake as we know it is W3C.
2018-07-18 09:19:13 INFO Selenium -> POST session
2018-07-18 09:19:13 INFO Selenium    >>> http://127.0.0.1:4444/session | {"desiredCapabilities":{"browserName":"firefox","marionette":true,"timeouts":{},"moz:firefoxOptions":{}},"capabilities":{"firstMatch":[{"browserName":"firefox","timeouts":{},"moz:firefoxOptions":{}}]}}
2018-07-18 09:19:13 DEBUG Selenium      > {"Accept"=>"application/json", "Content-Type"=>"application/json; charset=UTF-8", "User-Agent"=>"selenium/3.13.0 (ruby macosx)", "Content-Length"=>"201"}
1531919953432	mozrunner::runner	INFO	Running command: "/Applications/Firefox.app/Contents/MacOS/firefox-bin" "-marionette" "-profile" "/var/folders/5k/zjww1yf9017djkbsprjmsgp00000gn/T/rust_mozprofile.jsnd5Ho116JS"
2018-07-18 09:19:16.905 plugin-container[92562:5580216] *** CFMessagePort: bootstrap_register(): failed 1100 (0x44c) 'Permission denied', port = 0x7907, name = 'com.apple.tsm.portname'
See /usr/include/servers/bootstrap_defs.h for the error codes.
2018-07-18 09:19:17.493 plugin-container[92563:5580248] *** CFMessagePort: bootstrap_register(): failed 1100 (0x44c) 'Permission denied', port = 0x712b, name = 'com.apple.tsm.portname'
See /usr/include/servers/bootstrap_defs.h for the error codes.
1531919958318	Marionette	INFO	Listening on port 63385
2018-07-18 09:19:18 INFO Selenium <- {"value": {"sessionId":"4b96d32e-7f59-444d-a613-59b62d457189","capabilities":{"acceptInsecureCerts":false,"browserName":"firefox","browserVersion":"61.0.1","moz:accessibilityChecks":false,"moz:headless":false,"moz:processID":92560,"moz:profile":"/var/folders/5k/zjww1yf9017djkbsprjmsgp00000gn/T/rust_mozprofile.jsnd5Ho116JS","moz:useNonSpecCompliantPointerOrigin":false,"moz:webdriverClick":true,"pageLoadStrategy":"normal","platformName":"darwin","platformVersion":"17.6.0","rotatable":false,"timeouts":{"implicit":0,"pageLoad":300000,"script":30000}}}}
2018-07-18 09:19:18 INFO Selenium Detected W3C dialect.
2018-07-18 09:19:18 INFO Selenium -> POST session/4b96d32e-7f59-444d-a613-59b62d457189/url
2018-07-18 09:19:18 INFO Selenium    >>> http://127.0.0.1:4444/session/4b96d32e-7f59-444d-a613-59b62d457189/url | {"url":"https://www.google.com"}
2018-07-18 09:19:18 DEBUG Selenium      > {"Accept"=>"application/json", "Content-Type"=>"application/json; charset=UTF-8", "User-Agent"=>"selenium/3.13.0 (ruby macosx)", "Content-Length"=>"32"}
2018-07-18 09:19:18.743 plugin-container[92564:5580342] *** CFMessagePort: bootstrap_register(): failed 1100 (0x44c) 'Permission denied', port = 0x6f43, name = 'com.apple.tsm.portname'
See /usr/include/servers/bootstrap_defs.h for the error codes.
2018-07-18 09:19:22 INFO Selenium <- {"value": {}}
2018-07-18 09:19:22 INFO Selenium -> POST session/4b96d32e-7f59-444d-a613-59b62d457189/element
2018-07-18 09:19:22 INFO Selenium    >>> http://127.0.0.1:4444/session/4b96d32e-7f59-444d-a613-59b62d457189/element | {"using":"xpath","value":".//input[(not(@type) or (translate(@type,'ABCDEFGHIJKLMNOPQRSTUVWXYZ','abcdefghijklmnopqrstuvwxyz')!=\"file\" and translate(@type,'ABCDEFGHIJKLMNOPQRSTUVWXYZ','abcdefghijklmnopqrstuvwxyz')!=\"radio\" and translate(@type,'ABCDEFGHIJKLMNOPQRSTUVWXYZ','abcdefghijklmnopqrstuvwxyz')!=\"checkbox\" and translate(@type,'ABCDEFGHIJKLMNOPQRSTUVWXYZ','abcdefghijklmnopqrstuvwxyz')!=\"submit\" and translate(@type,'ABCDEFGHIJKLMNOPQRSTUVWXYZ','abcdefghijklmnopqrstuvwxyz')!=\"reset\" and translate(@type,'ABCDEFGHIJKLMNOPQRSTUVWXYZ','abcdefghijklmnopqrstuvwxyz')!=\"image\" and translate(@type,'ABCDEFGHIJKLMNOPQRSTUVWXYZ','abcdefghijklmnopqrstuvwxyz')!=\"button\" and translate(@type,'ABCDEFGHIJKLMNOPQRSTUVWXYZ','abcdefghijklmnopqrstuvwxyz')!=\"hidden\" and translate(@type,'ABCDEFGHIJKLMNOPQRSTUVWXYZ','abcdefghijklmnopqrstuvwxyz')!=\"range\" and translate(@type,'ABCDEFGHIJKLMNOPQRSTUVWXYZ','abcdefghijklmnopqrstuvwxyz')!=\"color\" and translate(@type,'ABCDEFGHIJKLMNOPQRSTUVWXYZ','abcdefghijklmnopqrstuvwxyz')!=\"date\" and translate(@type,'ABCDEFGHIJKLMNOPQRSTUVWXYZ','abcdefghijklmnopqrstuvwxyz')!=\"datetime-local\")) and @name='q']"}
2018-07-18 09:19:22 DEBUG Selenium      > {"Accept"=>"application/json", "Content-Type"=>"application/json; charset=UTF-8", "User-Agent"=>"selenium/3.13.0 (ruby macosx)", "Content-Length"=>"1158"}
2018-07-18 09:19:22 INFO Selenium <- {"value":{"element-6066-11e4-a52e-4f735466cecf":"5b1249d4-4d42-c44a-9a59-c70419472f21"}}
2018-07-18 09:19:22 INFO Selenium -> GET session/4b96d32e-7f59-444d-a613-59b62d457189/element/5b1249d4-4d42-c44a-9a59-c70419472f21/enabled
2018-07-18 09:19:22 INFO Selenium <- {"value":true}
2018-07-18 09:19:22 INFO Selenium -> GET session/4b96d32e-7f59-444d-a613-59b62d457189/element/5b1249d4-4d42-c44a-9a59-c70419472f21/enabled
2018-07-18 09:19:22 INFO Selenium <- {"value":true}
2018-07-18 09:19:22 INFO Selenium -> POST session/4b96d32e-7f59-444d-a613-59b62d457189/execute/sync
2018-07-18 09:19:22 INFO Selenium    >>> http://127.0.0.1:4444/session/4b96d32e-7f59-444d-a613-59b62d457189/execute/sync | {"script":"return (function(){return function(){var d=this;function f(a){return\"string\"==typeof a};function h(a,b){this.code=a;this.a=l[a]||m;this.message=b||\"\";a=this.a.replace(/((?:^|\\s+)[a-z])/g,function(a){return a.toUpperCase().replace(/^[\\s\\xa0]+/g,\"\")});b=a.length-5;if(0>b||a.indexOf(\"Error\",b)!=b)a+=\"Error\";this.name=a;a=Error(this.message);a.name=this.name;this.stack=a.stack||\"\"}\n(function(){var a=Error;function b(){}b.prototype=a.prototype;h.b=a.prototype;h.prototype=new b;h.prototype.constructor=h;h.a=function(b,c,g){for(var e=Array(arguments.length-2),k=2;k<arguments.length;k++)e[k-2]=arguments[k];return a.prototype[c].apply(b,e)}})();var m=\"unknown error\",l={15:\"element not selectable\",11:\"element not visible\"};l[31]=m;l[30]=m;l[24]=\"invalid cookie domain\";l[29]=\"invalid element coordinates\";l[12]=\"invalid element state\";l[32]=\"invalid selector\";l[51]=\"invalid selector\";\nl[52]=\"invalid selector\";l[17]=\"javascript error\";l[405]=\"unsupported operation\";l[34]=\"move target out of bounds\";l[27]=\"no such alert\";l[7]=\"no such element\";l[8]=\"no such frame\";l[23]=\"no such window\";l[28]=\"script timeout\";l[33]=\"session not created\";l[10]=\"stale element reference\";l[21]=\"timeout\";l[25]=\"unable to set cookie\";l[26]=\"unexpected alert open\";l[13]=m;l[9]=\"unknown command\";h.prototype.toString=function(){return this.name+\": \"+this.message};var n;a:{var p=d.navigator;if(p){var q=p.userAgent;if(q){n=q;break a}}n=\"\"}function r(a){return-1!=n.indexOf(a)};function t(a,b){for(var e=a.length,c=f(a)?a.split(\"\"):a,g=0;g<e;g++)g in c&&b.call(void 0,c[g],g,a)};function v(){return r(\"iPhone\")&&!r(\"iPod\")&&!r(\"iPad\")};function w(){return(r(\"Chrome\")||r(\"CriOS\"))&&!r(\"Edge\")};var x=r(\"Opera\"),y=r(\"Trident\")||r(\"MSIE\"),z=r(\"Edge\"),A=r(\"Gecko\")&&!(-1!=n.toLowerCase().indexOf(\"webkit\")&&!r(\"Edge\"))&&!(r(\"Trident\")||r(\"MSIE\"))&&!r(\"Edge\"),aa=-1!=n.toLowerCase().indexOf(\"webkit\")&&!r(\"Edge\");function B(){var a=d.document;return a?a.documentMode:void 0}var C;\na:{var D=\"\",E=function(){var a=n;if(A)return/rv\\:([^\\);]+)(\\)|;)/.exec(a);if(z)return/Edge\\/([\\d\\.]+)/.exec(a);if(y)return/\\b(?:MSIE|rv)[: ]([^\\);]+)(\\)|;)/.exec(a);if(aa)return/WebKit\\/(\\S+)/.exec(a);if(x)return/(?:Version)[ \\/]?(\\S+)/.exec(a)}();E&&(D=E?E[1]:\"\");if(y){var F=B();if(null!=F&&F>parseFloat(D)){C=String(F);break a}}C=D}var G;var H=d.document;G=H&&y?B()||(\"CSS1Compat\"==H.compatMode?parseInt(C,10):5):void 0;var ba=r(\"Firefox\"),ca=v()||r(\"iPod\"),da=r(\"iPad\"),I=r(\"Android\")&&!(w()||r(\"Firefox\")||r(\"Opera\")||r(\"Silk\")),ea=w(),J=r(\"Safari\")&&!(w()||r(\"Coast\")||r(\"Opera\")||r(\"Edge\")||r(\"Silk\")||r(\"Android\"))&&!(v()||r(\"iPad\")||r(\"iPod\"));function K(a){return(a=a.exec(n))?a[1]:\"\"}(function(){if(ba)return K(/Firefox\\/([0-9.]+)/);if(y||z||x)return C;if(ea)return v()||r(\"iPad\")||r(\"iPod\")?K(/CriOS\\/([0-9.]+)/):K(/Chrome\\/([0-9.]+)/);if(J&&!(v()||r(\"iPad\")||r(\"iPod\")))return K(/Version\\/([0-9.]+)/);if(ca||da){var a=/Version\\/(\\S+).*Mobile\\/(\\S+)/.exec(n);if(a)return a[1]+\".\"+a[2]}else if(I)return(a=K(/Android\\s+([0-9.]+)/))?a:K(/Version\\/([0-9.]+)/);return\"\"})();var L,M=function(){if(!A)return!1;var a=d.Components;if(!a)return!1;try{if(!a.classes)return!1}catch(g){return!1}var b=a.classes,a=a.interfaces,e=b[\"@mozilla.org/xpcom/version-comparator;1\"].getService(a.nsIVersionComparator),c=b[\"@mozilla.org/xre/app-info;1\"].getService(a.nsIXULAppInfo).version;L=function(a){e.compare(c,\"\"+a)};return!0}(),N=y&&!(8<=Number(G)),fa=y&&!(9<=Number(G));I&&M&&L(2.3);I&&M&&L(4);J&&M&&L(6);var ga={SCRIPT:1,STYLE:1,HEAD:1,IFRAME:1,OBJECT:1},O={IMG:\" \",BR:\"\\n\"};function P(a,b,e){if(!(a.nodeName in ga))if(3==a.nodeType)e?b.push(String(a.nodeValue).replace(/(\\r\\n|\\r|\\n)/g,\"\")):b.push(a.nodeValue);else if(a.nodeName in O)b.push(O[a.nodeName]);else for(a=a.firstChild;a;)P(a,b,e),a=a.nextSibling};function Q(a,b){b=b.toLowerCase();return\"style\"==b?ha(a.style.cssText):N&&\"value\"==b&&R(a,\"INPUT\")?a.value:fa&&!0===a[b]?String(a.getAttribute(b)):(a=a.getAttributeNode(b))&&a.specified?a.value:null}var ia=/[;]+(?=(?:(?:[^\"]*\"){2})*[^\"]*$)(?=(?:(?:[^']*'){2})*[^']*$)(?=(?:[^()]*\\([^()]*\\))*[^()]*$)/;\nfunction ha(a){var b=[];t(a.split(ia),function(a){var c=a.indexOf(\":\");0<c&&(a=[a.slice(0,c),a.slice(c+1)],2==a.length&&b.push(a[0].toLowerCase(),\":\",a[1],\";\"))});b=b.join(\"\");return b=\";\"==b.charAt(b.length-1)?b:b+\";\"}function S(a,b){N&&\"value\"==b&&R(a,\"OPTION\")&&null===Q(a,\"value\")?(b=[],P(a,b,!1),a=b.join(\"\")):a=a[b];return a}function R(a,b){b&&\"string\"!==typeof b&&(b=b.toString());return!!a&&1==a.nodeType&&(!b||a.tagName.toUpperCase()==b)}\nfunction T(a){return R(a,\"OPTION\")?!0:R(a,\"INPUT\")?(a=a.type.toLowerCase(),\"checkbox\"==a||\"radio\"==a):!1};var ja={\"class\":\"className\",readonly:\"readOnly\"},U=\"async autofocus autoplay checked compact complete controls declare defaultchecked defaultselected defer disabled draggable ended formnovalidate hidden indeterminate iscontenteditable ismap itemscope loop multiple muted nohref noresize noshade novalidate nowrap open paused pubdate readonly required reversed scoped seamless seeking selected spellcheck truespeed willvalidate\".split(\" \");function V(a,b){var e=null,c=b.toLowerCase();if(\"style\"==c)return(e=a.style)&&!f(e)&&(e=e.cssText),e;if((\"selected\"==c||\"checked\"==c)&&T(a)){if(!T(a))throw new h(15,\"Element is not selectable\");b=\"selected\";e=a.type&&a.type.toLowerCase();if(\"checkbox\"==e||\"radio\"==e)b=\"checked\";return S(a,b)?\"true\":null}var g=R(a,\"A\");if(R(a,\"IMG\")&&\"src\"==c||g&&\"href\"==c)return(e=Q(a,c))&&(e=S(a,c)),e;if(\"spellcheck\"==c){e=Q(a,c);if(null!==e){if(\"false\"==e.toLowerCase())return\"false\";if(\"true\"==e.toLowerCase())return\"true\"}return S(a,\nc)+\"\"}g=ja[b]||b;a:if(f(U))c=f(c)&&1==c.length?U.indexOf(c,0):-1;else{for(var u=0;u<U.length;u++)if(u in U&&U[u]===c){c=u;break a}c=-1}if(0<=c)return(e=null!==Q(a,b)||S(a,g))?\"true\":null;try{var k=S(a,g)}catch(ka){}(c=null==k)||(c=typeof k,c=\"object\"==c&&null!=k||\"function\"==c);c?e=Q(a,b):e=k;return null!=e?e.toString():null}var W=[\"_\"],X=d;W[0]in X||!X.execScript||X.execScript(\"var \"+W[0]);\nfor(var Y;W.length&&(Y=W.shift());){var Z;if(Z=!W.length)Z=void 0!==V;Z?X[Y]=V:X[Y]&&X[Y]!==Object.prototype[Y]?X=X[Y]:X=X[Y]={}};; return this._.apply(null,arguments);}.apply({navigator:typeof window!='undefined'?window.navigator:null,document:typeof window!='undefined'?window.document:null}, arguments);}\n).apply(null, arguments)","args":[{"element-6066-11e4-a52e-4f735466cecf":"5b1249d4-4d42-c44a-9a59-c70419472f21"},"readOnly"]}
2018-07-18 09:19:22 DEBUG Selenium      > {"Accept"=>"application/json", "Content-Type"=>"application/json; charset=UTF-8", "User-Agent"=>"selenium/3.13.0 (ruby macosx)", "Content-Length"=>"6725"}
2018-07-18 09:19:22 INFO Selenium <- {"value":null}
2018-07-18 09:19:22 INFO Selenium -> POST session/4b96d32e-7f59-444d-a613-59b62d457189/element/5b1249d4-4d42-c44a-9a59-c70419472f21/clear
2018-07-18 09:19:22 INFO Selenium <- {"value": {}}
2018-07-18 09:19:22 INFO Selenium -> POST session/4b96d32e-7f59-444d-a613-59b62d457189/element/5b1249d4-4d42-c44a-9a59-c70419472f21/value
2018-07-18 09:19:22 INFO Selenium    >>> http://127.0.0.1:4444/session/4b96d32e-7f59-444d-a613-59b62d457189/element/5b1249d4-4d42-c44a-9a59-c70419472f21/value | {"value":[],"text":""}
2018-07-18 09:19:22 DEBUG Selenium      > {"Accept"=>"application/json", "Content-Type"=>"application/json; charset=UTF-8", "User-Agent"=>"selenium/3.13.0 (ruby macosx)", "Content-Length"=>"22"}
2018-07-18 09:19:22 INFO Selenium <- {"value": {}}
2018-07-18 09:19:22 INFO Selenium -> POST session/4b96d32e-7f59-444d-a613-59b62d457189/element
2018-07-18 09:19:22 INFO Selenium    >>> http://127.0.0.1:4444/session/4b96d32e-7f59-444d-a613-59b62d457189/element | {"using":"xpath","value":".//button[(text()='Google Search' or @value='Google Search')] | .//input[@value='Google Search' and (translate(@type,'ABCDEFGHIJKLMNOPQRSTUVWXYZ','abcdefghijklmnopqrstuvwxyz')='button' or translate(@type,'ABCDEFGHIJKLMNOPQRSTUVWXYZ','abcdefghijklmnopqrstuvwxyz')='reset' or translate(@type,'ABCDEFGHIJKLMNOPQRSTUVWXYZ','abcdefghijklmnopqrstuvwxyz')='submit' or translate(@type,'ABCDEFGHIJKLMNOPQRSTUVWXYZ','abcdefghijklmnopqrstuvwxyz')='image')]"}
2018-07-18 09:19:22 DEBUG Selenium      > {"Accept"=>"application/json", "Content-Type"=>"application/json; charset=UTF-8", "User-Agent"=>"selenium/3.13.0 (ruby macosx)", "Content-Length"=>"473"}
2018-07-18 09:19:22 INFO Selenium <- {"value":{"element-6066-11e4-a52e-4f735466cecf":"3f0e7042-8899-7c41-ac45-cfb4311b9ab3"}}
2018-07-18 09:19:22 INFO Selenium -> GET session/4b96d32e-7f59-444d-a613-59b62d457189/element/3f0e7042-8899-7c41-ac45-cfb4311b9ab3/enabled
2018-07-18 09:19:22 INFO Selenium <- {"value":true}
2018-07-18 09:19:22 INFO Selenium -> POST session/4b96d32e-7f59-444d-a613-59b62d457189/element/3f0e7042-8899-7c41-ac45-cfb4311b9ab3/click
2018-07-18 09:19:23 INFO Selenium <- {"value": {}}
2018-07-18 09:19:23 INFO Selenium -> DELETE session/4b96d32e-7f59-444d-a613-59b62d457189
*** UTM:SVC TimerManager:registerTimer called after profile-before-change notification. Ignoring timer registration for id: telemetry_modules_ping
2018-07-18 09:19:23 INFO Selenium <- {"value": {}}
2018-07-18 09:54:48 DEBUG Selenium Executing Process ["/Users/mccarrmb/Documents/Code/mccarrmb@github.com/google-automator/bin/firefox/geckodriver-v0.20.1-macos/geckodriver", "--binary=/Applications/Firefox.app/Contents/MacOS/firefox-bin", "--port=4444"]
2018-07-18 09:54:48 DEBUG Selenium polling for socket on ["127.0.0.1", 4444]
1531922088235	geckodriver	INFO	geckodriver 0.20.1
1531922088260	geckodriver	INFO	Listening on 127.0.0.1:4444
2018-07-18 09:54:48 INFO Selenium Skipping handshake as we know it is W3C.
2018-07-18 09:54:48 INFO Selenium -> POST session
2018-07-18 09:54:48 INFO Selenium    >>> http://127.0.0.1:4444/session | {"desiredCapabilities":{"browserName":"firefox","marionette":true,"timeouts":{},"moz:firefoxOptions":{}},"capabilities":{"firstMatch":[{"browserName":"firefox","timeouts":{},"moz:firefoxOptions":{}}]}}
2018-07-18 09:54:48 DEBUG Selenium      > {"Accept"=>"application/json", "Content-Type"=>"application/json; charset=UTF-8", "User-Agent"=>"selenium/3.13.0 (ruby macosx)", "Content-Length"=>"201"}
1531922088504	mozrunner::runner	INFO	Running command: "/Applications/Firefox.app/Contents/MacOS/firefox-bin" "-marionette" "-profile" "/var/folders/5k/zjww1yf9017djkbsprjmsgp00000gn/T/rust_mozprofile.Jg03WxpWxGQk"
2018-07-18 09:54:52.065 plugin-container[2445:20376] *** CFMessagePort: bootstrap_register(): failed 1100 (0x44c) 'Permission denied', port = 0x893f, name = 'com.apple.tsm.portname'
See /usr/include/servers/bootstrap_defs.h for the error codes.
2018-07-18 09:54:52.776 plugin-container[2446:20407] *** CFMessagePort: bootstrap_register(): failed 1100 (0x44c) 'Permission denied', port = 0x6f3b, name = 'com.apple.tsm.portname'
See /usr/include/servers/bootstrap_defs.h for the error codes.
1531922093635	Marionette	INFO	Listening on port 49513
2018-07-18 09:54:53 INFO Selenium <- {"value": {"sessionId":"4039007f-566e-7045-bb4b-0d3c15dfdbd2","capabilities":{"acceptInsecureCerts":false,"browserName":"firefox","browserVersion":"61.0.1","moz:accessibilityChecks":false,"moz:headless":false,"moz:processID":2444,"moz:profile":"/var/folders/5k/zjww1yf9017djkbsprjmsgp00000gn/T/rust_mozprofile.Jg03WxpWxGQk","moz:useNonSpecCompliantPointerOrigin":false,"moz:webdriverClick":true,"pageLoadStrategy":"normal","platformName":"darwin","platformVersion":"17.7.0","rotatable":false,"timeouts":{"implicit":0,"pageLoad":300000,"script":30000}}}}
2018-07-18 09:54:53 INFO Selenium Detected W3C dialect.
2018-07-18 09:54:53 INFO Selenium -> POST session/4039007f-566e-7045-bb4b-0d3c15dfdbd2/url
2018-07-18 09:54:53 INFO Selenium    >>> http://127.0.0.1:4444/session/4039007f-566e-7045-bb4b-0d3c15dfdbd2/url | {"url":"https://www.google.com"}
2018-07-18 09:54:53 DEBUG Selenium      > {"Accept"=>"application/json", "Content-Type"=>"application/json; charset=UTF-8", "User-Agent"=>"selenium/3.13.0 (ruby macosx)", "Content-Length"=>"32"}
2018-07-18 09:54:53.964 plugin-container[2447:20507] *** CFMessagePort: bootstrap_register(): failed 1100 (0x44c) 'Permission denied', port = 0x8b07, name = 'com.apple.tsm.portname'
See /usr/include/servers/bootstrap_defs.h for the error codes.
2018-07-18 09:54:58 INFO Selenium <- {"value": {}}
2018-07-18 09:54:58 INFO Selenium -> POST session/4039007f-566e-7045-bb4b-0d3c15dfdbd2/element
2018-07-18 09:54:58 INFO Selenium    >>> http://127.0.0.1:4444/session/4039007f-566e-7045-bb4b-0d3c15dfdbd2/element | {"using":"xpath","value":".//input[(not(@type) or (translate(@type,'ABCDEFGHIJKLMNOPQRSTUVWXYZ','abcdefghijklmnopqrstuvwxyz')!=\"file\" and translate(@type,'ABCDEFGHIJKLMNOPQRSTUVWXYZ','abcdefghijklmnopqrstuvwxyz')!=\"radio\" and translate(@type,'ABCDEFGHIJKLMNOPQRSTUVWXYZ','abcdefghijklmnopqrstuvwxyz')!=\"checkbox\" and translate(@type,'ABCDEFGHIJKLMNOPQRSTUVWXYZ','abcdefghijklmnopqrstuvwxyz')!=\"submit\" and translate(@type,'ABCDEFGHIJKLMNOPQRSTUVWXYZ','abcdefghijklmnopqrstuvwxyz')!=\"reset\" and translate(@type,'ABCDEFGHIJKLMNOPQRSTUVWXYZ','abcdefghijklmnopqrstuvwxyz')!=\"image\" and translate(@type,'ABCDEFGHIJKLMNOPQRSTUVWXYZ','abcdefghijklmnopqrstuvwxyz')!=\"button\" and translate(@type,'ABCDEFGHIJKLMNOPQRSTUVWXYZ','abcdefghijklmnopqrstuvwxyz')!=\"hidden\" and translate(@type,'ABCDEFGHIJKLMNOPQRSTUVWXYZ','abcdefghijklmnopqrstuvwxyz')!=\"range\" and translate(@type,'ABCDEFGHIJKLMNOPQRSTUVWXYZ','abcdefghijklmnopqrstuvwxyz')!=\"color\" and translate(@type,'ABCDEFGHIJKLMNOPQRSTUVWXYZ','abcdefghijklmnopqrstuvwxyz')!=\"date\" and translate(@type,'ABCDEFGHIJKLMNOPQRSTUVWXYZ','abcdefghijklmnopqrstuvwxyz')!=\"datetime-local\")) and @name='q']"}
2018-07-18 09:54:58 DEBUG Selenium      > {"Accept"=>"application/json", "Content-Type"=>"application/json; charset=UTF-8", "User-Agent"=>"selenium/3.13.0 (ruby macosx)", "Content-Length"=>"1158"}
2018-07-18 09:54:58 INFO Selenium <- {"value":{"element-6066-11e4-a52e-4f735466cecf":"ce256ad8-fe77-c04a-8939-748cd8a44173"}}
2018-07-18 09:54:58 INFO Selenium -> GET session/4039007f-566e-7045-bb4b-0d3c15dfdbd2/element/ce256ad8-fe77-c04a-8939-748cd8a44173/enabled
2018-07-18 09:54:58 INFO Selenium <- {"value":true}
2018-07-18 09:54:58 INFO Selenium -> GET session/4039007f-566e-7045-bb4b-0d3c15dfdbd2/element/ce256ad8-fe77-c04a-8939-748cd8a44173/enabled
2018-07-18 09:54:58 INFO Selenium <- {"value":true}
2018-07-18 09:54:58 INFO Selenium -> POST session/4039007f-566e-7045-bb4b-0d3c15dfdbd2/execute/sync
2018-07-18 09:54:58 INFO Selenium    >>> http://127.0.0.1:4444/session/4039007f-566e-7045-bb4b-0d3c15dfdbd2/execute/sync | {"script":"return (function(){return function(){var d=this;function f(a){return\"string\"==typeof a};function h(a,b){this.code=a;this.a=l[a]||m;this.message=b||\"\";a=this.a.replace(/((?:^|\\s+)[a-z])/g,function(a){return a.toUpperCase().replace(/^[\\s\\xa0]+/g,\"\")});b=a.length-5;if(0>b||a.indexOf(\"Error\",b)!=b)a+=\"Error\";this.name=a;a=Error(this.message);a.name=this.name;this.stack=a.stack||\"\"}\n(function(){var a=Error;function b(){}b.prototype=a.prototype;h.b=a.prototype;h.prototype=new b;h.prototype.constructor=h;h.a=function(b,c,g){for(var e=Array(arguments.length-2),k=2;k<arguments.length;k++)e[k-2]=arguments[k];return a.prototype[c].apply(b,e)}})();var m=\"unknown error\",l={15:\"element not selectable\",11:\"element not visible\"};l[31]=m;l[30]=m;l[24]=\"invalid cookie domain\";l[29]=\"invalid element coordinates\";l[12]=\"invalid element state\";l[32]=\"invalid selector\";l[51]=\"invalid selector\";\nl[52]=\"invalid selector\";l[17]=\"javascript error\";l[405]=\"unsupported operation\";l[34]=\"move target out of bounds\";l[27]=\"no such alert\";l[7]=\"no such element\";l[8]=\"no such frame\";l[23]=\"no such window\";l[28]=\"script timeout\";l[33]=\"session not created\";l[10]=\"stale element reference\";l[21]=\"timeout\";l[25]=\"unable to set cookie\";l[26]=\"unexpected alert open\";l[13]=m;l[9]=\"unknown command\";h.prototype.toString=function(){return this.name+\": \"+this.message};var n;a:{var p=d.navigator;if(p){var q=p.userAgent;if(q){n=q;break a}}n=\"\"}function r(a){return-1!=n.indexOf(a)};function t(a,b){for(var e=a.length,c=f(a)?a.split(\"\"):a,g=0;g<e;g++)g in c&&b.call(void 0,c[g],g,a)};function v(){return r(\"iPhone\")&&!r(\"iPod\")&&!r(\"iPad\")};function w(){return(r(\"Chrome\")||r(\"CriOS\"))&&!r(\"Edge\")};var x=r(\"Opera\"),y=r(\"Trident\")||r(\"MSIE\"),z=r(\"Edge\"),A=r(\"Gecko\")&&!(-1!=n.toLowerCase().indexOf(\"webkit\")&&!r(\"Edge\"))&&!(r(\"Trident\")||r(\"MSIE\"))&&!r(\"Edge\"),aa=-1!=n.toLowerCase().indexOf(\"webkit\")&&!r(\"Edge\");function B(){var a=d.document;return a?a.documentMode:void 0}var C;\na:{var D=\"\",E=function(){var a=n;if(A)return/rv\\:([^\\);]+)(\\)|;)/.exec(a);if(z)return/Edge\\/([\\d\\.]+)/.exec(a);if(y)return/\\b(?:MSIE|rv)[: ]([^\\);]+)(\\)|;)/.exec(a);if(aa)return/WebKit\\/(\\S+)/.exec(a);if(x)return/(?:Version)[ \\/]?(\\S+)/.exec(a)}();E&&(D=E?E[1]:\"\");if(y){var F=B();if(null!=F&&F>parseFloat(D)){C=String(F);break a}}C=D}var G;var H=d.document;G=H&&y?B()||(\"CSS1Compat\"==H.compatMode?parseInt(C,10):5):void 0;var ba=r(\"Firefox\"),ca=v()||r(\"iPod\"),da=r(\"iPad\"),I=r(\"Android\")&&!(w()||r(\"Firefox\")||r(\"Opera\")||r(\"Silk\")),ea=w(),J=r(\"Safari\")&&!(w()||r(\"Coast\")||r(\"Opera\")||r(\"Edge\")||r(\"Silk\")||r(\"Android\"))&&!(v()||r(\"iPad\")||r(\"iPod\"));function K(a){return(a=a.exec(n))?a[1]:\"\"}(function(){if(ba)return K(/Firefox\\/([0-9.]+)/);if(y||z||x)return C;if(ea)return v()||r(\"iPad\")||r(\"iPod\")?K(/CriOS\\/([0-9.]+)/):K(/Chrome\\/([0-9.]+)/);if(J&&!(v()||r(\"iPad\")||r(\"iPod\")))return K(/Version\\/([0-9.]+)/);if(ca||da){var a=/Version\\/(\\S+).*Mobile\\/(\\S+)/.exec(n);if(a)return a[1]+\".\"+a[2]}else if(I)return(a=K(/Android\\s+([0-9.]+)/))?a:K(/Version\\/([0-9.]+)/);return\"\"})();var L,M=function(){if(!A)return!1;var a=d.Components;if(!a)return!1;try{if(!a.classes)return!1}catch(g){return!1}var b=a.classes,a=a.interfaces,e=b[\"@mozilla.org/xpcom/version-comparator;1\"].getService(a.nsIVersionComparator),c=b[\"@mozilla.org/xre/app-info;1\"].getService(a.nsIXULAppInfo).version;L=function(a){e.compare(c,\"\"+a)};return!0}(),N=y&&!(8<=Number(G)),fa=y&&!(9<=Number(G));I&&M&&L(2.3);I&&M&&L(4);J&&M&&L(6);var ga={SCRIPT:1,STYLE:1,HEAD:1,IFRAME:1,OBJECT:1},O={IMG:\" \",BR:\"\\n\"};function P(a,b,e){if(!(a.nodeName in ga))if(3==a.nodeType)e?b.push(String(a.nodeValue).replace(/(\\r\\n|\\r|\\n)/g,\"\")):b.push(a.nodeValue);else if(a.nodeName in O)b.push(O[a.nodeName]);else for(a=a.firstChild;a;)P(a,b,e),a=a.nextSibling};function Q(a,b){b=b.toLowerCase();return\"style\"==b?ha(a.style.cssText):N&&\"value\"==b&&R(a,\"INPUT\")?a.value:fa&&!0===a[b]?String(a.getAttribute(b)):(a=a.getAttributeNode(b))&&a.specified?a.value:null}var ia=/[;]+(?=(?:(?:[^\"]*\"){2})*[^\"]*$)(?=(?:(?:[^']*'){2})*[^']*$)(?=(?:[^()]*\\([^()]*\\))*[^()]*$)/;\nfunction ha(a){var b=[];t(a.split(ia),function(a){var c=a.indexOf(\":\");0<c&&(a=[a.slice(0,c),a.slice(c+1)],2==a.length&&b.push(a[0].toLowerCase(),\":\",a[1],\";\"))});b=b.join(\"\");return b=\";\"==b.charAt(b.length-1)?b:b+\";\"}function S(a,b){N&&\"value\"==b&&R(a,\"OPTION\")&&null===Q(a,\"value\")?(b=[],P(a,b,!1),a=b.join(\"\")):a=a[b];return a}function R(a,b){b&&\"string\"!==typeof b&&(b=b.toString());return!!a&&1==a.nodeType&&(!b||a.tagName.toUpperCase()==b)}\nfunction T(a){return R(a,\"OPTION\")?!0:R(a,\"INPUT\")?(a=a.type.toLowerCase(),\"checkbox\"==a||\"radio\"==a):!1};var ja={\"class\":\"className\",readonly:\"readOnly\"},U=\"async autofocus autoplay checked compact complete controls declare defaultchecked defaultselected defer disabled draggable ended formnovalidate hidden indeterminate iscontenteditable ismap itemscope loop multiple muted nohref noresize noshade novalidate nowrap open paused pubdate readonly required reversed scoped seamless seeking selected spellcheck truespeed willvalidate\".split(\" \");function V(a,b){var e=null,c=b.toLowerCase();if(\"style\"==c)return(e=a.style)&&!f(e)&&(e=e.cssText),e;if((\"selected\"==c||\"checked\"==c)&&T(a)){if(!T(a))throw new h(15,\"Element is not selectable\");b=\"selected\";e=a.type&&a.type.toLowerCase();if(\"checkbox\"==e||\"radio\"==e)b=\"checked\";return S(a,b)?\"true\":null}var g=R(a,\"A\");if(R(a,\"IMG\")&&\"src\"==c||g&&\"href\"==c)return(e=Q(a,c))&&(e=S(a,c)),e;if(\"spellcheck\"==c){e=Q(a,c);if(null!==e){if(\"false\"==e.toLowerCase())return\"false\";if(\"true\"==e.toLowerCase())return\"true\"}return S(a,\nc)+\"\"}g=ja[b]||b;a:if(f(U))c=f(c)&&1==c.length?U.indexOf(c,0):-1;else{for(var u=0;u<U.length;u++)if(u in U&&U[u]===c){c=u;break a}c=-1}if(0<=c)return(e=null!==Q(a,b)||S(a,g))?\"true\":null;try{var k=S(a,g)}catch(ka){}(c=null==k)||(c=typeof k,c=\"object\"==c&&null!=k||\"function\"==c);c?e=Q(a,b):e=k;return null!=e?e.toString():null}var W=[\"_\"],X=d;W[0]in X||!X.execScript||X.execScript(\"var \"+W[0]);\nfor(var Y;W.length&&(Y=W.shift());){var Z;if(Z=!W.length)Z=void 0!==V;Z?X[Y]=V:X[Y]&&X[Y]!==Object.prototype[Y]?X=X[Y]:X=X[Y]={}};; return this._.apply(null,arguments);}.apply({navigator:typeof window!='undefined'?window.navigator:null,document:typeof window!='undefined'?window.document:null}, arguments);}\n).apply(null, arguments)","args":[{"element-6066-11e4-a52e-4f735466cecf":"ce256ad8-fe77-c04a-8939-748cd8a44173"},"readOnly"]}
2018-07-18 09:54:58 DEBUG Selenium      > {"Accept"=>"application/json", "Content-Type"=>"application/json; charset=UTF-8", "User-Agent"=>"selenium/3.13.0 (ruby macosx)", "Content-Length"=>"6725"}
2018-07-18 09:54:58 INFO Selenium <- {"value":null}
2018-07-18 09:54:58 INFO Selenium -> POST session/4039007f-566e-7045-bb4b-0d3c15dfdbd2/element/ce256ad8-fe77-c04a-8939-748cd8a44173/clear
2018-07-18 09:54:58 INFO Selenium <- {"value": {}}
2018-07-18 09:54:58 INFO Selenium -> POST session/4039007f-566e-7045-bb4b-0d3c15dfdbd2/element/ce256ad8-fe77-c04a-8939-748cd8a44173/value
2018-07-18 09:54:58 INFO Selenium    >>> http://127.0.0.1:4444/session/4039007f-566e-7045-bb4b-0d3c15dfdbd2/element/ce256ad8-fe77-c04a-8939-748cd8a44173/value | {"value":[],"text":""}
2018-07-18 09:54:58 DEBUG Selenium      > {"Accept"=>"application/json", "Content-Type"=>"application/json; charset=UTF-8", "User-Agent"=>"selenium/3.13.0 (ruby macosx)", "Content-Length"=>"22"}
2018-07-18 09:54:58 INFO Selenium <- {"value": {}}
2018-07-18 09:54:58 INFO Selenium -> POST session/4039007f-566e-7045-bb4b-0d3c15dfdbd2/element
2018-07-18 09:54:58 INFO Selenium    >>> http://127.0.0.1:4444/session/4039007f-566e-7045-bb4b-0d3c15dfdbd2/element | {"using":"xpath","value":".//button[(text()='Google Search' or @value='Google Search')] | .//input[@value='Google Search' and (translate(@type,'ABCDEFGHIJKLMNOPQRSTUVWXYZ','abcdefghijklmnopqrstuvwxyz')='button' or translate(@type,'ABCDEFGHIJKLMNOPQRSTUVWXYZ','abcdefghijklmnopqrstuvwxyz')='reset' or translate(@type,'ABCDEFGHIJKLMNOPQRSTUVWXYZ','abcdefghijklmnopqrstuvwxyz')='submit' or translate(@type,'ABCDEFGHIJKLMNOPQRSTUVWXYZ','abcdefghijklmnopqrstuvwxyz')='image')]"}
2018-07-18 09:54:58 DEBUG Selenium      > {"Accept"=>"application/json", "Content-Type"=>"application/json; charset=UTF-8", "User-Agent"=>"selenium/3.13.0 (ruby macosx)", "Content-Length"=>"473"}
2018-07-18 09:54:58 INFO Selenium <- {"value":{"element-6066-11e4-a52e-4f735466cecf":"fe5c2535-1b8d-e843-b851-b3667693ccb9"}}
2018-07-18 09:54:58 INFO Selenium -> GET session/4039007f-566e-7045-bb4b-0d3c15dfdbd2/element/fe5c2535-1b8d-e843-b851-b3667693ccb9/enabled
2018-07-18 09:54:58 INFO Selenium <- {"value":true}
2018-07-18 09:54:58 INFO Selenium -> POST session/4039007f-566e-7045-bb4b-0d3c15dfdbd2/element/fe5c2535-1b8d-e843-b851-b3667693ccb9/click
2018-07-18 09:54:58 INFO Selenium <- {"value": {}}
2018-07-18 09:54:58 INFO Selenium -> DELETE session/4039007f-566e-7045-bb4b-0d3c15dfdbd2
*** UTM:SVC TimerManager:registerTimer called after profile-before-change notification. Ignoring timer registration for id: telemetry_modules_ping
2018-07-18 09:54:59 INFO Selenium <- {"value": {}}
2018-07-18 09:59:25 DEBUG Selenium Executing Process ["/Users/mccarrmb/Documents/Code/mccarrmb@github.com/google-automator/bin/firefox/geckodriver-v0.20.1-macos/geckodriver", "--binary=/Applications/Firefox.app/Contents/MacOS/firefox-bin", "--port=4444"]
2018-07-18 09:59:25 DEBUG Selenium polling for socket on ["127.0.0.1", 4444]
1531922365403	geckodriver	INFO	geckodriver 0.20.1
1531922365430	geckodriver	INFO	Listening on 127.0.0.1:4444
2018-07-18 09:59:25 INFO Selenium Skipping handshake as we know it is W3C.
2018-07-18 09:59:25 INFO Selenium -> POST session
2018-07-18 09:59:25 INFO Selenium    >>> http://127.0.0.1:4444/session | {"desiredCapabilities":{"browserName":"firefox","marionette":true,"timeouts":{},"moz:firefoxOptions":{}},"capabilities":{"firstMatch":[{"browserName":"firefox","timeouts":{},"moz:firefoxOptions":{}}]}}
2018-07-18 09:59:25 DEBUG Selenium      > {"Accept"=>"application/json", "Content-Type"=>"application/json; charset=UTF-8", "User-Agent"=>"selenium/3.13.0 (ruby macosx)", "Content-Length"=>"201"}
1531922365651	mozrunner::runner	INFO	Running command: "/Applications/Firefox.app/Contents/MacOS/firefox-bin" "-marionette" "-profile" "/var/folders/5k/zjww1yf9017djkbsprjmsgp00000gn/T/rust_mozprofile.ZqM9TPBbAYC2"
2018-07-18 09:59:28.704 plugin-container[2649:24209] *** CFMessagePort: bootstrap_register(): failed 1100 (0x44c) 'Permission denied', port = 0x8207, name = 'com.apple.tsm.portname'
See /usr/include/servers/bootstrap_defs.h for the error codes.
2018-07-18 09:59:29.471 plugin-container[2650:24247] *** CFMessagePort: bootstrap_register(): failed 1100 (0x44c) 'Permission denied', port = 0x753b, name = 'com.apple.tsm.portname'
See /usr/include/servers/bootstrap_defs.h for the error codes.
1531922370300	Marionette	INFO	Listening on port 49767
2018-07-18 09:59:30 INFO Selenium <- {"value": {"sessionId":"519a17ca-11f9-694e-951f-5d2a6728c611","capabilities":{"acceptInsecureCerts":false,"browserName":"firefox","browserVersion":"61.0.1","moz:accessibilityChecks":false,"moz:headless":false,"moz:processID":2648,"moz:profile":"/var/folders/5k/zjww1yf9017djkbsprjmsgp00000gn/T/rust_mozprofile.ZqM9TPBbAYC2","moz:useNonSpecCompliantPointerOrigin":false,"moz:webdriverClick":true,"pageLoadStrategy":"normal","platformName":"darwin","platformVersion":"17.7.0","rotatable":false,"timeouts":{"implicit":0,"pageLoad":300000,"script":30000}}}}
2018-07-18 09:59:30 INFO Selenium Detected W3C dialect.
2018-07-18 09:59:30 INFO Selenium -> POST session/519a17ca-11f9-694e-951f-5d2a6728c611/url
2018-07-18 09:59:30 INFO Selenium    >>> http://127.0.0.1:4444/session/519a17ca-11f9-694e-951f-5d2a6728c611/url | {"url":"https://www.google.com"}
2018-07-18 09:59:30 DEBUG Selenium      > {"Accept"=>"application/json", "Content-Type"=>"application/json; charset=UTF-8", "User-Agent"=>"selenium/3.13.0 (ruby macosx)", "Content-Length"=>"32"}
2018-07-18 09:59:30.638 plugin-container[2651:24362] *** CFMessagePort: bootstrap_register(): failed 1100 (0x44c) 'Permission denied', port = 0x8943, name = 'com.apple.tsm.portname'
See /usr/include/servers/bootstrap_defs.h for the error codes.
2018-07-18 09:59:31 INFO Selenium <- {"value": {}}
2018-07-18 09:59:31 INFO Selenium -> POST session/519a17ca-11f9-694e-951f-5d2a6728c611/element
2018-07-18 09:59:31 INFO Selenium    >>> http://127.0.0.1:4444/session/519a17ca-11f9-694e-951f-5d2a6728c611/element | {"using":"xpath","value":".//input[(not(@type) or (translate(@type,'ABCDEFGHIJKLMNOPQRSTUVWXYZ','abcdefghijklmnopqrstuvwxyz')!=\"file\" and translate(@type,'ABCDEFGHIJKLMNOPQRSTUVWXYZ','abcdefghijklmnopqrstuvwxyz')!=\"radio\" and translate(@type,'ABCDEFGHIJKLMNOPQRSTUVWXYZ','abcdefghijklmnopqrstuvwxyz')!=\"checkbox\" and translate(@type,'ABCDEFGHIJKLMNOPQRSTUVWXYZ','abcdefghijklmnopqrstuvwxyz')!=\"submit\" and translate(@type,'ABCDEFGHIJKLMNOPQRSTUVWXYZ','abcdefghijklmnopqrstuvwxyz')!=\"reset\" and translate(@type,'ABCDEFGHIJKLMNOPQRSTUVWXYZ','abcdefghijklmnopqrstuvwxyz')!=\"image\" and translate(@type,'ABCDEFGHIJKLMNOPQRSTUVWXYZ','abcdefghijklmnopqrstuvwxyz')!=\"button\" and translate(@type,'ABCDEFGHIJKLMNOPQRSTUVWXYZ','abcdefghijklmnopqrstuvwxyz')!=\"hidden\" and translate(@type,'ABCDEFGHIJKLMNOPQRSTUVWXYZ','abcdefghijklmnopqrstuvwxyz')!=\"range\" and translate(@type,'ABCDEFGHIJKLMNOPQRSTUVWXYZ','abcdefghijklmnopqrstuvwxyz')!=\"color\" and translate(@type,'ABCDEFGHIJKLMNOPQRSTUVWXYZ','abcdefghijklmnopqrstuvwxyz')!=\"date\" and translate(@type,'ABCDEFGHIJKLMNOPQRSTUVWXYZ','abcdefghijklmnopqrstuvwxyz')!=\"datetime-local\")) and @name='q']"}
2018-07-18 09:59:31 DEBUG Selenium      > {"Accept"=>"application/json", "Content-Type"=>"application/json; charset=UTF-8", "User-Agent"=>"selenium/3.13.0 (ruby macosx)", "Content-Length"=>"1158"}
2018-07-18 09:59:31 INFO Selenium <- {"value":{"element-6066-11e4-a52e-4f735466cecf":"0d9d1cbd-0e7e-7547-9deb-0245ce7c838e"}}
2018-07-18 09:59:31 INFO Selenium -> GET session/519a17ca-11f9-694e-951f-5d2a6728c611/element/0d9d1cbd-0e7e-7547-9deb-0245ce7c838e/enabled
2018-07-18 09:59:31 INFO Selenium <- {"value":true}
2018-07-18 09:59:31 INFO Selenium -> GET session/519a17ca-11f9-694e-951f-5d2a6728c611/element/0d9d1cbd-0e7e-7547-9deb-0245ce7c838e/enabled
2018-07-18 09:59:31 INFO Selenium <- {"value":true}
2018-07-18 09:59:31 INFO Selenium -> POST session/519a17ca-11f9-694e-951f-5d2a6728c611/execute/sync
2018-07-18 09:59:31 INFO Selenium    >>> http://127.0.0.1:4444/session/519a17ca-11f9-694e-951f-5d2a6728c611/execute/sync | {"script":"return (function(){return function(){var d=this;function f(a){return\"string\"==typeof a};function h(a,b){this.code=a;this.a=l[a]||m;this.message=b||\"\";a=this.a.replace(/((?:^|\\s+)[a-z])/g,function(a){return a.toUpperCase().replace(/^[\\s\\xa0]+/g,\"\")});b=a.length-5;if(0>b||a.indexOf(\"Error\",b)!=b)a+=\"Error\";this.name=a;a=Error(this.message);a.name=this.name;this.stack=a.stack||\"\"}\n(function(){var a=Error;function b(){}b.prototype=a.prototype;h.b=a.prototype;h.prototype=new b;h.prototype.constructor=h;h.a=function(b,c,g){for(var e=Array(arguments.length-2),k=2;k<arguments.length;k++)e[k-2]=arguments[k];return a.prototype[c].apply(b,e)}})();var m=\"unknown error\",l={15:\"element not selectable\",11:\"element not visible\"};l[31]=m;l[30]=m;l[24]=\"invalid cookie domain\";l[29]=\"invalid element coordinates\";l[12]=\"invalid element state\";l[32]=\"invalid selector\";l[51]=\"invalid selector\";\nl[52]=\"invalid selector\";l[17]=\"javascript error\";l[405]=\"unsupported operation\";l[34]=\"move target out of bounds\";l[27]=\"no such alert\";l[7]=\"no such element\";l[8]=\"no such frame\";l[23]=\"no such window\";l[28]=\"script timeout\";l[33]=\"session not created\";l[10]=\"stale element reference\";l[21]=\"timeout\";l[25]=\"unable to set cookie\";l[26]=\"unexpected alert open\";l[13]=m;l[9]=\"unknown command\";h.prototype.toString=function(){return this.name+\": \"+this.message};var n;a:{var p=d.navigator;if(p){var q=p.userAgent;if(q){n=q;break a}}n=\"\"}function r(a){return-1!=n.indexOf(a)};function t(a,b){for(var e=a.length,c=f(a)?a.split(\"\"):a,g=0;g<e;g++)g in c&&b.call(void 0,c[g],g,a)};function v(){return r(\"iPhone\")&&!r(\"iPod\")&&!r(\"iPad\")};function w(){return(r(\"Chrome\")||r(\"CriOS\"))&&!r(\"Edge\")};var x=r(\"Opera\"),y=r(\"Trident\")||r(\"MSIE\"),z=r(\"Edge\"),A=r(\"Gecko\")&&!(-1!=n.toLowerCase().indexOf(\"webkit\")&&!r(\"Edge\"))&&!(r(\"Trident\")||r(\"MSIE\"))&&!r(\"Edge\"),aa=-1!=n.toLowerCase().indexOf(\"webkit\")&&!r(\"Edge\");function B(){var a=d.document;return a?a.documentMode:void 0}var C;\na:{var D=\"\",E=function(){var a=n;if(A)return/rv\\:([^\\);]+)(\\)|;)/.exec(a);if(z)return/Edge\\/([\\d\\.]+)/.exec(a);if(y)return/\\b(?:MSIE|rv)[: ]([^\\);]+)(\\)|;)/.exec(a);if(aa)return/WebKit\\/(\\S+)/.exec(a);if(x)return/(?:Version)[ \\/]?(\\S+)/.exec(a)}();E&&(D=E?E[1]:\"\");if(y){var F=B();if(null!=F&&F>parseFloat(D)){C=String(F);break a}}C=D}var G;var H=d.document;G=H&&y?B()||(\"CSS1Compat\"==H.compatMode?parseInt(C,10):5):void 0;var ba=r(\"Firefox\"),ca=v()||r(\"iPod\"),da=r(\"iPad\"),I=r(\"Android\")&&!(w()||r(\"Firefox\")||r(\"Opera\")||r(\"Silk\")),ea=w(),J=r(\"Safari\")&&!(w()||r(\"Coast\")||r(\"Opera\")||r(\"Edge\")||r(\"Silk\")||r(\"Android\"))&&!(v()||r(\"iPad\")||r(\"iPod\"));function K(a){return(a=a.exec(n))?a[1]:\"\"}(function(){if(ba)return K(/Firefox\\/([0-9.]+)/);if(y||z||x)return C;if(ea)return v()||r(\"iPad\")||r(\"iPod\")?K(/CriOS\\/([0-9.]+)/):K(/Chrome\\/([0-9.]+)/);if(J&&!(v()||r(\"iPad\")||r(\"iPod\")))return K(/Version\\/([0-9.]+)/);if(ca||da){var a=/Version\\/(\\S+).*Mobile\\/(\\S+)/.exec(n);if(a)return a[1]+\".\"+a[2]}else if(I)return(a=K(/Android\\s+([0-9.]+)/))?a:K(/Version\\/([0-9.]+)/);return\"\"})();var L,M=function(){if(!A)return!1;var a=d.Components;if(!a)return!1;try{if(!a.classes)return!1}catch(g){return!1}var b=a.classes,a=a.interfaces,e=b[\"@mozilla.org/xpcom/version-comparator;1\"].getService(a.nsIVersionComparator),c=b[\"@mozilla.org/xre/app-info;1\"].getService(a.nsIXULAppInfo).version;L=function(a){e.compare(c,\"\"+a)};return!0}(),N=y&&!(8<=Number(G)),fa=y&&!(9<=Number(G));I&&M&&L(2.3);I&&M&&L(4);J&&M&&L(6);var ga={SCRIPT:1,STYLE:1,HEAD:1,IFRAME:1,OBJECT:1},O={IMG:\" \",BR:\"\\n\"};function P(a,b,e){if(!(a.nodeName in ga))if(3==a.nodeType)e?b.push(String(a.nodeValue).replace(/(\\r\\n|\\r|\\n)/g,\"\")):b.push(a.nodeValue);else if(a.nodeName in O)b.push(O[a.nodeName]);else for(a=a.firstChild;a;)P(a,b,e),a=a.nextSibling};function Q(a,b){b=b.toLowerCase();return\"style\"==b?ha(a.style.cssText):N&&\"value\"==b&&R(a,\"INPUT\")?a.value:fa&&!0===a[b]?String(a.getAttribute(b)):(a=a.getAttributeNode(b))&&a.specified?a.value:null}var ia=/[;]+(?=(?:(?:[^\"]*\"){2})*[^\"]*$)(?=(?:(?:[^']*'){2})*[^']*$)(?=(?:[^()]*\\([^()]*\\))*[^()]*$)/;\nfunction ha(a){var b=[];t(a.split(ia),function(a){var c=a.indexOf(\":\");0<c&&(a=[a.slice(0,c),a.slice(c+1)],2==a.length&&b.push(a[0].toLowerCase(),\":\",a[1],\";\"))});b=b.join(\"\");return b=\";\"==b.charAt(b.length-1)?b:b+\";\"}function S(a,b){N&&\"value\"==b&&R(a,\"OPTION\")&&null===Q(a,\"value\")?(b=[],P(a,b,!1),a=b.join(\"\")):a=a[b];return a}function R(a,b){b&&\"string\"!==typeof b&&(b=b.toString());return!!a&&1==a.nodeType&&(!b||a.tagName.toUpperCase()==b)}\nfunction T(a){return R(a,\"OPTION\")?!0:R(a,\"INPUT\")?(a=a.type.toLowerCase(),\"checkbox\"==a||\"radio\"==a):!1};var ja={\"class\":\"className\",readonly:\"readOnly\"},U=\"async autofocus autoplay checked compact complete controls declare defaultchecked defaultselected defer disabled draggable ended formnovalidate hidden indeterminate iscontenteditable ismap itemscope loop multiple muted nohref noresize noshade novalidate nowrap open paused pubdate readonly required reversed scoped seamless seeking selected spellcheck truespeed willvalidate\".split(\" \");function V(a,b){var e=null,c=b.toLowerCase();if(\"style\"==c)return(e=a.style)&&!f(e)&&(e=e.cssText),e;if((\"selected\"==c||\"checked\"==c)&&T(a)){if(!T(a))throw new h(15,\"Element is not selectable\");b=\"selected\";e=a.type&&a.type.toLowerCase();if(\"checkbox\"==e||\"radio\"==e)b=\"checked\";return S(a,b)?\"true\":null}var g=R(a,\"A\");if(R(a,\"IMG\")&&\"src\"==c||g&&\"href\"==c)return(e=Q(a,c))&&(e=S(a,c)),e;if(\"spellcheck\"==c){e=Q(a,c);if(null!==e){if(\"false\"==e.toLowerCase())return\"false\";if(\"true\"==e.toLowerCase())return\"true\"}return S(a,\nc)+\"\"}g=ja[b]||b;a:if(f(U))c=f(c)&&1==c.length?U.indexOf(c,0):-1;else{for(var u=0;u<U.length;u++)if(u in U&&U[u]===c){c=u;break a}c=-1}if(0<=c)return(e=null!==Q(a,b)||S(a,g))?\"true\":null;try{var k=S(a,g)}catch(ka){}(c=null==k)||(c=typeof k,c=\"object\"==c&&null!=k||\"function\"==c);c?e=Q(a,b):e=k;return null!=e?e.toString():null}var W=[\"_\"],X=d;W[0]in X||!X.execScript||X.execScript(\"var \"+W[0]);\nfor(var Y;W.length&&(Y=W.shift());){var Z;if(Z=!W.length)Z=void 0!==V;Z?X[Y]=V:X[Y]&&X[Y]!==Object.prototype[Y]?X=X[Y]:X=X[Y]={}};; return this._.apply(null,arguments);}.apply({navigator:typeof window!='undefined'?window.navigator:null,document:typeof window!='undefined'?window.document:null}, arguments);}\n).apply(null, arguments)","args":[{"element-6066-11e4-a52e-4f735466cecf":"0d9d1cbd-0e7e-7547-9deb-0245ce7c838e"},"readOnly"]}
2018-07-18 09:59:31 DEBUG Selenium      > {"Accept"=>"application/json", "Content-Type"=>"application/json; charset=UTF-8", "User-Agent"=>"selenium/3.13.0 (ruby macosx)", "Content-Length"=>"6725"}
2018-07-18 09:59:31 INFO Selenium <- {"value":null}
2018-07-18 09:59:31 INFO Selenium -> POST session/519a17ca-11f9-694e-951f-5d2a6728c611/element/0d9d1cbd-0e7e-7547-9deb-0245ce7c838e/clear
2018-07-18 09:59:31 INFO Selenium <- {"value": {}}
2018-07-18 09:59:31 INFO Selenium -> POST session/519a17ca-11f9-694e-951f-5d2a6728c611/element/0d9d1cbd-0e7e-7547-9deb-0245ce7c838e/value
2018-07-18 09:59:31 INFO Selenium    >>> http://127.0.0.1:4444/session/519a17ca-11f9-694e-951f-5d2a6728c611/element/0d9d1cbd-0e7e-7547-9deb-0245ce7c838e/value | {"value":[],"text":""}
2018-07-18 09:59:31 DEBUG Selenium      > {"Accept"=>"application/json", "Content-Type"=>"application/json; charset=UTF-8", "User-Agent"=>"selenium/3.13.0 (ruby macosx)", "Content-Length"=>"22"}
2018-07-18 09:59:31 INFO Selenium <- {"value": {}}
2018-07-18 09:59:31 INFO Selenium -> POST session/519a17ca-11f9-694e-951f-5d2a6728c611/element
2018-07-18 09:59:31 INFO Selenium    >>> http://127.0.0.1:4444/session/519a17ca-11f9-694e-951f-5d2a6728c611/element | {"using":"xpath","value":".//button[(text()='Google Search' or @value='Google Search')] | .//input[@value='Google Search' and (translate(@type,'ABCDEFGHIJKLMNOPQRSTUVWXYZ','abcdefghijklmnopqrstuvwxyz')='button' or translate(@type,'ABCDEFGHIJKLMNOPQRSTUVWXYZ','abcdefghijklmnopqrstuvwxyz')='reset' or translate(@type,'ABCDEFGHIJKLMNOPQRSTUVWXYZ','abcdefghijklmnopqrstuvwxyz')='submit' or translate(@type,'ABCDEFGHIJKLMNOPQRSTUVWXYZ','abcdefghijklmnopqrstuvwxyz')='image')]"}
2018-07-18 09:59:31 DEBUG Selenium      > {"Accept"=>"application/json", "Content-Type"=>"application/json; charset=UTF-8", "User-Agent"=>"selenium/3.13.0 (ruby macosx)", "Content-Length"=>"473"}
2018-07-18 09:59:31 INFO Selenium <- {"value":{"element-6066-11e4-a52e-4f735466cecf":"957c1fd4-15c5-624f-8788-811e415176af"}}
2018-07-18 09:59:31 INFO Selenium -> GET session/519a17ca-11f9-694e-951f-5d2a6728c611/element/957c1fd4-15c5-624f-8788-811e415176af/enabled
2018-07-18 09:59:31 INFO Selenium <- {"value":true}
2018-07-18 09:59:31 INFO Selenium -> POST session/519a17ca-11f9-694e-951f-5d2a6728c611/element/957c1fd4-15c5-624f-8788-811e415176af/click
2018-07-18 09:59:32 INFO Selenium <- {"value": {}}
2018-07-18 09:59:32 INFO Selenium -> DELETE session/519a17ca-11f9-694e-951f-5d2a6728c611
*** UTM:SVC TimerManager:registerTimer called after profile-before-change notification. Ignoring timer registration for id: telemetry_modules_ping
2018-07-18 09:59:32 INFO Selenium <- {"value": {}}
